<?xml version="1.0" encoding="UTF-8"?>
<testng-results ignored="0" total="1" passed="1" failed="0" skipped="0">
  <reporter-output>
  </reporter-output>
  <suite started-at="2024-10-24T22:51:02 IST" name="Default suite" finished-at="2024-10-24T22:51:05 IST" duration-ms="3073">
    <groups>
    </groups>
    <test started-at="2024-10-24T22:51:02 IST" name="Default test" finished-at="2024-10-24T22:51:05 IST" duration-ms="3073">
      <class name="reqres.PostMethodClass">
        <test-method signature="postMethod()[pri:0, instance:reqres.PostMethodClass@82de64a]" started-at="2024-10-24T22:51:02 IST" name="postMethod" finished-at="2024-10-24T22:51:05 IST" duration-ms="3015" status="PASS">
          <reporter-output>
          </reporter-output>
        </test-method> <!-- postMethod -->
      </class> <!-- reqres.PostMethodClass -->
    </test> <!-- Default test -->
  </suite> <!-- Default suite -->
</testng-results>
